<?xml version="1.0" encoding="UTF-8"?>
<!-- Generated by org.testng.reporters.JUnitXMLReporter -->
<testsuite ignored="0" hostname="dell-Latitude-3510" failures="1" tests="2" name="Test" time="15.101" errors="0" timestamp="2025-06-24T12:13:57 IST">
  <testcase classname="com.amazon.tests.LoginTest" name="LoginAmazon" time="2.226"/>
  <testcase classname="com.amazon.tests.LoginTest" name="Search" time="5.528">
    <failure type="java.lang.AssertionError" message="expected:&amp;lt;&amp;gt; but was:&amp;lt;Amazon.in : iphone&amp;gt;">
      <![CDATA[java.lang.AssertionError: expected:<> but was:<Amazon.in : iphone>
at com.amazon.tests.LoginTest.Search(LoginTest.java:60)
at java.base/java.util.ArrayList.forEach(ArrayList.java:1511)
... Removed 29 stack frames]]>
    </failure>
  </testcase> <!-- Search -->
</testsuite> <!-- Test -->
