<?xml version="1.0" encoding="UTF-8"?>
<testng-results ignored="0" total="2" passed="2" failed="0" skipped="0">
  <reporter-output>
  </reporter-output>
  <suite started-at="2025-06-23T23:23:50 IST" name="Suite" finished-at="2025-06-23T23:24:01 IST" duration-ms="11554">
    <groups>
    </groups>
    <test started-at="2025-06-23T23:23:50 IST" name="Test" finished-at="2025-06-23T23:24:01 IST" duration-ms="11554">
      <class name="com.amazon.tests.LoginTest">
        <test-method is-config="true" signature="setUp()[pri:0, instance:com.amazon.tests.LoginTest@49049a04]" started-at="2025-06-23T23:23:50 IST" name="setUp" finished-at="2025-06-23T23:23:54 IST" duration-ms="3865" status="PASS">
          <reporter-output>
          </reporter-output>
        </test-method> <!-- setUp -->
        <test-method signature="LoginAmazon()[pri:0, instance:com.amazon.tests.LoginTest@49049a04]" started-at="2025-06-23T23:23:54 IST" name="LoginAmazon" finished-at="2025-06-23T23:23:56 IST" duration-ms="1891" status="PASS">
          <reporter-output>
          </reporter-output>
        </test-method> <!-- LoginAmazon -->
        <test-method is-config="true" signature="setUp()[pri:0, instance:com.amazon.tests.LoginTest@49049a04]" started-at="2025-06-23T23:23:56 IST" name="setUp" finished-at="2025-06-23T23:23:59 IST" duration-ms="2989" status="PASS">
          <reporter-output>
          </reporter-output>
        </test-method> <!-- setUp -->
        <test-method signature="Search()[pri:0, instance:com.amazon.tests.LoginTest@49049a04]" started-at="2025-06-23T23:23:59 IST" name="Search" finished-at="2025-06-23T23:24:01 IST" duration-ms="2774" status="PASS">
          <reporter-output>
          </reporter-output>
        </test-method> <!-- Search -->
      </class> <!-- com.amazon.tests.LoginTest -->
    </test> <!-- Test -->
  </suite> <!-- Suite -->
</testng-results>
